
*** Running vivado
    with args -log SecurityCameraCode.vds -m64 -product Vivado -mode batch -messageDb vivado.pb -notrace -source SecurityCameraCode.tcl


****** Vivado v2018.2 (64-bit)
  **** SW Build 2258646 on Thu Jun 14 20:03:12 MDT 2018
  **** IP Build 2256618 on Thu Jun 14 22:10:49 MDT 2018
    ** Copyright 1986-2018 Xilinx, Inc. All Rights Reserved.

source SecurityCameraCode.tcl -notrace
Command: synth_design -top SecurityCameraCode -part xc7a200tsbg484-1
Starting synth_design
Attempting to get a license for feature 'Synthesis' and/or device 'xc7a200t'
INFO: [Common 17-349] Got license for feature 'Synthesis' and/or device 'xc7a200t'
INFO: Launching helper process for spawning children vivado processes
INFO: Helper process launched with PID 14724 
WARNING: [Synth 8-2611] redeclaration of ansi port led is not allowed [C:/Users/jtb14b/ACESSecurityCamera/ACESSecurityCameraCode/ACESSecurityCameraCode.srcs/sources_1/new/SecurityCameraCode.v:32]
---------------------------------------------------------------------------------
Starting RTL Elaboration : Time (s): cpu = 00:00:03 ; elapsed = 00:00:03 . Memory (MB): peak = 369.547 ; gain = 111.750
---------------------------------------------------------------------------------
INFO: [Synth 8-6157] synthesizing module 'SecurityCameraCode' [C:/Users/jtb14b/ACESSecurityCamera/ACESSecurityCameraCode/ACESSecurityCameraCode.srcs/sources_1/new/SecurityCameraCode.v:23]
INFO: [Synth 8-6155] done synthesizing module 'SecurityCameraCode' (1#1) [C:/Users/jtb14b/ACESSecurityCamera/ACESSecurityCameraCode/ACESSecurityCameraCode.srcs/sources_1/new/SecurityCameraCode.v:23]
WARNING: [Synth 8-3331] design SecurityCameraCode has unconnected port btnc
---------------------------------------------------------------------------------
Finished RTL Elaboration : Time (s): cpu = 00:00:04 ; elapsed = 00:00:04 . Memory (MB): peak = 402.520 ; gain = 144.723
---------------------------------------------------------------------------------

Report Check Netlist: 
+------+------------------+-------+---------+-------+------------------+
|      |Item              |Errors |Warnings |Status |Description       |
+------+------------------+-------+---------+-------+------------------+
|1     |multi_driven_nets |      0|        0|Passed |Multi driven nets |
+------+------------------+-------+---------+-------+------------------+
---------------------------------------------------------------------------------
Start Handling Custom Attributes
---------------------------------------------------------------------------------
---------------------------------------------------------------------------------
Finished Handling Custom Attributes : Time (s): cpu = 00:00:04 ; elapsed = 00:00:04 . Memory (MB): peak = 402.520 ; gain = 144.723
---------------------------------------------------------------------------------
---------------------------------------------------------------------------------
Finished RTL Optimization Phase 1 : Time (s): cpu = 00:00:04 ; elapsed = 00:00:04 . Memory (MB): peak = 402.520 ; gain = 144.723
---------------------------------------------------------------------------------
INFO: [Device 21-403] Loading part xc7a200tsbg484-1
INFO: [Project 1-570] Preparing netlist for logic optimization

Processing XDC Constraints
Initializing timing engine
Parsing XDC File [C:/Users/jtb14b/Desktop/digilent-xdc-master/digilent-xdc-master/Nexys-Video-Master.xdc]
WARNING: [Vivado 12-584] No ports matched 'cpu_resetn'. [C:/Users/jtb14b/Desktop/digilent-xdc-master/digilent-xdc-master/Nexys-Video-Master.xdc:38]
CRITICAL WARNING: [Common 17-55] 'set_property' expects at least one object. [C:/Users/jtb14b/Desktop/digilent-xdc-master/digilent-xdc-master/Nexys-Video-Master.xdc:38]
Resolution: If [get_<value>] was used to populate the object, check to make sure this command returns at least one valid object.
WARNING: [Vivado 12-584] No ports matched 'sw[0]'. [C:/Users/jtb14b/Desktop/digilent-xdc-master/digilent-xdc-master/Nexys-Video-Master.xdc:42]
CRITICAL WARNING: [Common 17-55] 'set_property' expects at least one object. [C:/Users/jtb14b/Desktop/digilent-xdc-master/digilent-xdc-master/Nexys-Video-Master.xdc:42]
Resolution: If [get_<value>] was used to populate the object, check to make sure this command returns at least one valid object.
WARNING: [Vivado 12-584] No ports matched 'sw[1]'. [C:/Users/jtb14b/Desktop/digilent-xdc-master/digilent-xdc-master/Nexys-Video-Master.xdc:43]
CRITICAL WARNING: [Common 17-55] 'set_property' expects at least one object. [C:/Users/jtb14b/Desktop/digilent-xdc-master/digilent-xdc-master/Nexys-Video-Master.xdc:43]
Resolution: If [get_<value>] was used to populate the object, check to make sure this command returns at least one valid object.
WARNING: [Vivado 12-584] No ports matched 'sw[2]'. [C:/Users/jtb14b/Desktop/digilent-xdc-master/digilent-xdc-master/Nexys-Video-Master.xdc:44]
CRITICAL WARNING: [Common 17-55] 'set_property' expects at least one object. [C:/Users/jtb14b/Desktop/digilent-xdc-master/digilent-xdc-master/Nexys-Video-Master.xdc:44]
Resolution: If [get_<value>] was used to populate the object, check to make sure this command returns at least one valid object.
WARNING: [Vivado 12-584] No ports matched 'sw[3]'. [C:/Users/jtb14b/Desktop/digilent-xdc-master/digilent-xdc-master/Nexys-Video-Master.xdc:45]
CRITICAL WARNING: [Common 17-55] 'set_property' expects at least one object. [C:/Users/jtb14b/Desktop/digilent-xdc-master/digilent-xdc-master/Nexys-Video-Master.xdc:45]
Resolution: If [get_<value>] was used to populate the object, check to make sure this command returns at least one valid object.
WARNING: [Vivado 12-584] No ports matched 'sw[4]'. [C:/Users/jtb14b/Desktop/digilent-xdc-master/digilent-xdc-master/Nexys-Video-Master.xdc:46]
CRITICAL WARNING: [Common 17-55] 'set_property' expects at least one object. [C:/Users/jtb14b/Desktop/digilent-xdc-master/digilent-xdc-master/Nexys-Video-Master.xdc:46]
Resolution: If [get_<value>] was used to populate the object, check to make sure this command returns at least one valid object.
WARNING: [Vivado 12-584] No ports matched 'sw[5]'. [C:/Users/jtb14b/Desktop/digilent-xdc-master/digilent-xdc-master/Nexys-Video-Master.xdc:47]
CRITICAL WARNING: [Common 17-55] 'set_property' expects at least one object. [C:/Users/jtb14b/Desktop/digilent-xdc-master/digilent-xdc-master/Nexys-Video-Master.xdc:47]
Resolution: If [get_<value>] was used to populate the object, check to make sure this command returns at least one valid object.
WARNING: [Vivado 12-584] No ports matched 'sw[6]'. [C:/Users/jtb14b/Desktop/digilent-xdc-master/digilent-xdc-master/Nexys-Video-Master.xdc:48]
CRITICAL WARNING: [Common 17-55] 'set_property' expects at least one object. [C:/Users/jtb14b/Desktop/digilent-xdc-master/digilent-xdc-master/Nexys-Video-Master.xdc:48]
Resolution: If [get_<value>] was used to populate the object, check to make sure this command returns at least one valid object.
WARNING: [Vivado 12-584] No ports matched 'sw[7]'. [C:/Users/jtb14b/Desktop/digilent-xdc-master/digilent-xdc-master/Nexys-Video-Master.xdc:49]
CRITICAL WARNING: [Common 17-55] 'set_property' expects at least one object. [C:/Users/jtb14b/Desktop/digilent-xdc-master/digilent-xdc-master/Nexys-Video-Master.xdc:49]
Resolution: If [get_<value>] was used to populate the object, check to make sure this command returns at least one valid object.
WARNING: [Vivado 12-507] No nets matched 'btnc_IBUF'. [C:/Users/jtb14b/Desktop/digilent-xdc-master/digilent-xdc-master/Nexys-Video-Master.xdc:314]
CRITICAL WARNING: [Common 17-55] 'set_property' expects at least one object. [C:/Users/jtb14b/Desktop/digilent-xdc-master/digilent-xdc-master/Nexys-Video-Master.xdc:314]
Resolution: If [get_<value>] was used to populate the object, check to make sure this command returns at least one valid object.
Finished Parsing XDC File [C:/Users/jtb14b/Desktop/digilent-xdc-master/digilent-xdc-master/Nexys-Video-Master.xdc]
INFO: [Project 1-236] Implementation specific constraints were found while reading constraint file [C:/Users/jtb14b/Desktop/digilent-xdc-master/digilent-xdc-master/Nexys-Video-Master.xdc]. These constraints will be ignored for synthesis but will be used in implementation. Impacted constraints are listed in the file [.Xil/SecurityCameraCode_propImpl.xdc].
Resolution: To avoid this warning, move constraints listed in [.Xil/SecurityCameraCode_propImpl.xdc] to another XDC file and exclude this new file from synthesis with the used_in_synthesis property (File Properties dialog in GUI) and re-run elaboration/synthesis.
Completed Processing XDC Constraints

INFO: [Project 1-111] Unisim Transformation Summary:
No Unisim elements were transformed.

Constraint Validation Runtime : Time (s): cpu = 00:00:00 ; elapsed = 00:00:00.004 . Memory (MB): peak = 707.164 ; gain = 0.000
---------------------------------------------------------------------------------
Finished Constraint Validation : Time (s): cpu = 00:00:17 ; elapsed = 00:00:19 . Memory (MB): peak = 707.164 ; gain = 449.367
---------------------------------------------------------------------------------
---------------------------------------------------------------------------------
Start Loading Part and Timing Information
---------------------------------------------------------------------------------
Loading part: xc7a200tsbg484-1
---------------------------------------------------------------------------------
Finished Loading Part and Timing Information : Time (s): cpu = 00:00:17 ; elapsed = 00:00:19 . Memory (MB): peak = 707.164 ; gain = 449.367
---------------------------------------------------------------------------------
---------------------------------------------------------------------------------
Start Applying 'set_property' XDC Constraints
---------------------------------------------------------------------------------
---------------------------------------------------------------------------------
Finished applying 'set_property' XDC Constraints : Time (s): cpu = 00:00:17 ; elapsed = 00:00:19 . Memory (MB): peak = 707.164 ; gain = 449.367
---------------------------------------------------------------------------------
---------------------------------------------------------------------------------
Finished RTL Optimization Phase 2 : Time (s): cpu = 00:00:17 ; elapsed = 00:00:19 . Memory (MB): peak = 707.164 ; gain = 449.367
---------------------------------------------------------------------------------

Report RTL Partitions: 
+-+--------------+------------+----------+
| |RTL Partition |Replication |Instances |
+-+--------------+------------+----------+
+-+--------------+------------+----------+
---------------------------------------------------------------------------------
Start RTL Component Statistics 
---------------------------------------------------------------------------------
Detailed RTL Component Info : 
---------------------------------------------------------------------------------
Finished RTL Component Statistics 
---------------------------------------------------------------------------------
---------------------------------------------------------------------------------
Start RTL Hierarchical Component Statistics 
---------------------------------------------------------------------------------
Hierarchical RTL Component report 
---------------------------------------------------------------------------------
Finished RTL Hierarchical Component Statistics
---------------------------------------------------------------------------------
---------------------------------------------------------------------------------
Start Part Resource Summary
---------------------------------------------------------------------------------
Part Resources:
DSPs: 740 (col length:100)
BRAMs: 730 (col length: RAMB18 100 RAMB36 50)
---------------------------------------------------------------------------------
Finished Part Resource Summary
---------------------------------------------------------------------------------
---------------------------------------------------------------------------------
Start Cross Boundary and Area Optimization
---------------------------------------------------------------------------------
Warning: Parallel synthesis criteria is not met 
WARNING: [Synth 8-3330] design SecurityCameraCode has an empty top module
WARNING: [Synth 8-3331] design SecurityCameraCode has unconnected port led[6]
WARNING: [Synth 8-3331] design SecurityCameraCode has unconnected port led[3]
WARNING: [Synth 8-3331] design SecurityCameraCode has unconnected port led[2]
WARNING: [Synth 8-3331] design SecurityCameraCode has unconnected port led[1]
WARNING: [Synth 8-3331] design SecurityCameraCode has unconnected port btnc
---------------------------------------------------------------------------------
Finished Cross Boundary and Area Optimization : Time (s): cpu = 00:00:18 ; elapsed = 00:00:20 . Memory (MB): peak = 707.164 ; gain = 449.367
---------------------------------------------------------------------------------

Report RTL Partitions: 
+-+--------------+------------+----------+
| |RTL Partition |Replication |Instances |
+-+--------------+------------+----------+
+-+--------------+------------+----------+
---------------------------------------------------------------------------------
Start Applying XDC Timing Constraints
---------------------------------------------------------------------------------
---------------------------------------------------------------------------------
Finished Applying XDC Timing Constraints : Time (s): cpu = 00:00:29 ; elapsed = 00:00:33 . Memory (MB): peak = 767.711 ; gain = 509.914
---------------------------------------------------------------------------------
---------------------------------------------------------------------------------
Start Timing Optimization
---------------------------------------------------------------------------------
---------------------------------------------------------------------------------
Finished Timing Optimization : Time (s): cpu = 00:00:29 ; elapsed = 00:00:33 . Memory (MB): peak = 767.711 ; gain = 509.914
---------------------------------------------------------------------------------

Report RTL Partitions: 
+-+--------------+------------+----------+
| |RTL Partition |Replication |Instances |
+-+--------------+------------+----------+
+-+--------------+------------+----------+
---------------------------------------------------------------------------------
Start Technology Mapping
---------------------------------------------------------------------------------
---------------------------------------------------------------------------------
Finished Technology Mapping : Time (s): cpu = 00:00:29 ; elapsed = 00:00:33 . Memory (MB): peak = 767.711 ; gain = 509.914
---------------------------------------------------------------------------------

Report RTL Partitions: 
+-+--------------+------------+----------+
| |RTL Partition |Replication |Instances |
+-+--------------+------------+----------+
+-+--------------+------------+----------+
---------------------------------------------------------------------------------
Start IO Insertion
---------------------------------------------------------------------------------
---------------------------------------------------------------------------------
Start Flattening Before IO Insertion
---------------------------------------------------------------------------------
---------------------------------------------------------------------------------
Finished Flattening Before IO Insertion
---------------------------------------------------------------------------------
---------------------------------------------------------------------------------
Start Final Netlist Cleanup
---------------------------------------------------------------------------------
---------------------------------------------------------------------------------
Finished Final Netlist Cleanup
---------------------------------------------------------------------------------
---------------------------------------------------------------------------------
Finished IO Insertion : Time (s): cpu = 00:00:31 ; elapsed = 00:00:35 . Memory (MB): peak = 768.836 ; gain = 511.039
---------------------------------------------------------------------------------

Report Check Netlist: 
+------+------------------+-------+---------+-------+------------------+
|      |Item              |Errors |Warnings |Status |Description       |
+------+------------------+-------+---------+-------+------------------+
|1     |multi_driven_nets |      0|        0|Passed |Multi driven nets |
+------+------------------+-------+---------+-------+------------------+
---------------------------------------------------------------------------------
Start Renaming Generated Instances
---------------------------------------------------------------------------------
---------------------------------------------------------------------------------
Finished Renaming Generated Instances : Time (s): cpu = 00:00:31 ; elapsed = 00:00:35 . Memory (MB): peak = 768.836 ; gain = 511.039
---------------------------------------------------------------------------------

Report RTL Partitions: 
+-+--------------+------------+----------+
| |RTL Partition |Replication |Instances |
+-+--------------+------------+----------+
+-+--------------+------------+----------+
---------------------------------------------------------------------------------
Start Rebuilding User Hierarchy
---------------------------------------------------------------------------------
---------------------------------------------------------------------------------
Finished Rebuilding User Hierarchy : Time (s): cpu = 00:00:31 ; elapsed = 00:00:35 . Memory (MB): peak = 768.836 ; gain = 511.039
---------------------------------------------------------------------------------
---------------------------------------------------------------------------------
Start Renaming Generated Ports
---------------------------------------------------------------------------------
---------------------------------------------------------------------------------
Finished Renaming Generated Ports : Time (s): cpu = 00:00:31 ; elapsed = 00:00:35 . Memory (MB): peak = 768.836 ; gain = 511.039
---------------------------------------------------------------------------------
---------------------------------------------------------------------------------
Start Handling Custom Attributes
---------------------------------------------------------------------------------
---------------------------------------------------------------------------------
Finished Handling Custom Attributes : Time (s): cpu = 00:00:31 ; elapsed = 00:00:35 . Memory (MB): peak = 768.836 ; gain = 511.039
---------------------------------------------------------------------------------
---------------------------------------------------------------------------------
Start Renaming Generated Nets
---------------------------------------------------------------------------------
---------------------------------------------------------------------------------
Finished Renaming Generated Nets : Time (s): cpu = 00:00:31 ; elapsed = 00:00:35 . Memory (MB): peak = 768.836 ; gain = 511.039
---------------------------------------------------------------------------------
---------------------------------------------------------------------------------
Start Writing Synthesis Report
---------------------------------------------------------------------------------

Report BlackBoxes: 
+-+--------------+----------+
| |BlackBox name |Instances |
+-+--------------+----------+
+-+--------------+----------+

Report Cell Usage: 
+------+------+------+
|      |Cell  |Count |
+------+------+------+
|1     |IBUF  |     4|
|2     |OBUF  |     4|
|3     |OBUFT |     4|
+------+------+------+

Report Instance Areas: 
+------+---------+-------+------+
|      |Instance |Module |Cells |
+------+---------+-------+------+
|1     |top      |       |    12|
+------+---------+-------+------+
---------------------------------------------------------------------------------
Finished Writing Synthesis Report : Time (s): cpu = 00:00:31 ; elapsed = 00:00:35 . Memory (MB): peak = 768.836 ; gain = 511.039
---------------------------------------------------------------------------------
Synthesis finished with 0 errors, 0 critical warnings and 6 warnings.
Synthesis Optimization Runtime : Time (s): cpu = 00:00:17 ; elapsed = 00:00:23 . Memory (MB): peak = 768.836 ; gain = 206.395
Synthesis Optimization Complete : Time (s): cpu = 00:00:31 ; elapsed = 00:00:35 . Memory (MB): peak = 768.836 ; gain = 511.039
INFO: [Project 1-571] Translating synthesized netlist
INFO: [Netlist 29-17] Analyzing 4 Unisim elements for replacement
INFO: [Netlist 29-28] Unisim Transformation completed in 0 CPU seconds
INFO: [Project 1-570] Preparing netlist for logic optimization
INFO: [Opt 31-138] Pushed 0 inverter(s) to 0 load pin(s).
INFO: [Project 1-111] Unisim Transformation Summary:
No Unisim elements were transformed.

INFO: [Common 17-83] Releasing license: Synthesis
14 Infos, 18 Warnings, 10 Critical Warnings and 0 Errors encountered.
synth_design completed successfully
synth_design: Time (s): cpu = 00:00:33 ; elapsed = 00:00:37 . Memory (MB): peak = 794.309 ; gain = 549.527
WARNING: [Constraints 18-5210] No constraint will be written out.
INFO: [Common 17-1381] The checkpoint 'C:/Users/jtb14b/ACESSecurityCamera/ACESSecurityCameraCode/ACESSecurityCameraCode.runs/synth_1/SecurityCameraCode.dcp' has been generated.
INFO: [runtcl-4] Executing : report_utilization -file SecurityCameraCode_utilization_synth.rpt -pb SecurityCameraCode_utilization_synth.pb
report_utilization: Time (s): cpu = 00:00:00 ; elapsed = 00:00:00.133 . Memory (MB): peak = 794.648 ; gain = 0.000
INFO: [Common 17-206] Exiting Vivado at Thu Jan 24 14:25:47 2019...
