#-----------------------------------------------------------
# Vivado v2018.2 (64-bit)
# SW Build 2258646 on Thu Jun 14 20:03:12 MDT 2018
# IP Build 2256618 on Thu Jun 14 22:10:49 MDT 2018
# Start of session at: Sat Apr 13 20:16:49 2019
# Process ID: 11300
# Current directory: C:/Users/jtb14b/Documents/GitHub/ACESSecurityCamera/ACESSecurityCamera/ACESSecurityCameraCode
# Command line: vivado.exe -gui_launcher_event rodinguilauncherevent12892 C:\Users\jtb14b\Documents\GitHub\ACESSecurityCamera\ACESSecurityCamera\ACESSecurityCameraCode\ACESSecurityCameraCode.xpr
# Log file: C:/Users/jtb14b/Documents/GitHub/ACESSecurityCamera/ACESSecurityCamera/ACESSecurityCameraCode/vivado.log
# Journal file: C:/Users/jtb14b/Documents/GitHub/ACESSecurityCamera/ACESSecurityCamera/ACESSecurityCameraCode\vivado.jou
#-----------------------------------------------------------
start_gui
open_project C:/Users/jtb14b/Documents/GitHub/ACESSecurityCamera/ACESSecurityCamera/ACESSecurityCameraCode/ACESSecurityCameraCode.xpr
INFO: [ProjectBase 1-489] The host OS only allows 260 characters in a normal path. The project is stored in a path with more than 80 characters. If you experience issues with IP, Block Designs, or files not being found, please consider moving the project to a location with a shorter path. Alternately consider using the OS subst command to map part of the path to a drive letter.
Current project path is 'C:/Users/jtb14b/Documents/GitHub/ACESSecurityCamera/ACESSecurityCamera/ACESSecurityCameraCode'
Scanning sources...
Finished scanning sources
INFO: [IP_Flow 19-234] Refreshing IP repositories
INFO: [IP_Flow 19-1704] No user IP repositories specified
INFO: [IP_Flow 19-2313] Loaded Vivado IP repository 'C:/Xilinx/Vivado/2018.2/data/ip'.
open_project: Time (s): cpu = 00:00:12 ; elapsed = 00:00:07 . Memory (MB): peak = 827.535 ; gain = 130.879
update_compile_order -fileset sources_1
reset_run synth_1
launch_runs synth_1 -jobs 2
[Sat Apr 13 20:23:45 2019] Launched synth_1...
Run output will be captured here: C:/Users/jtb14b/Documents/GitHub/ACESSecurityCamera/ACESSecurityCamera/ACESSecurityCameraCode/ACESSecurityCameraCode.runs/synth_1/runme.log
launch_runs impl_1 -jobs 2
[Sat Apr 13 20:25:48 2019] Launched impl_1...
Run output will be captured here: C:/Users/jtb14b/Documents/GitHub/ACESSecurityCamera/ACESSecurityCamera/ACESSecurityCameraCode/ACESSecurityCameraCode.runs/impl_1/runme.log
launch_runs impl_1 -to_step write_bitstream -jobs 2
[Sat Apr 13 20:29:38 2019] Launched impl_1...
Run output will be captured here: C:/Users/jtb14b/Documents/GitHub/ACESSecurityCamera/ACESSecurityCamera/ACESSecurityCameraCode/ACESSecurityCameraCode.runs/impl_1/runme.log
open_hw
connect_hw_server
INFO: [Labtools 27-2285] Connecting to hw_server url TCP:localhost:3121
INFO: [Labtools 27-2222] Launching hw_server...
INFO: [Labtools 27-2221] Launch Output:

****** Xilinx hw_server v2018.2
  **** Build date : Jun 14 2018-20:42:52
    ** Copyright 1986-2018 Xilinx, Inc. All Rights Reserved.


open_hw_target
INFO: [Labtoolstcl 44-466] Opening hw_target localhost:3121/xilinx_tcf/Digilent/210276A79380B
set_property PROGRAM.FILE {C:/Users/jtb14b/Documents/GitHub/ACESSecurityCamera/ACESSecurityCamera/ACESSecurityCameraCode/ACESSecurityCameraCode.runs/impl_1/SecurityCameraCode.bit} [get_hw_devices xc7a200t_0]
current_hw_device [get_hw_devices xc7a200t_0]
refresh_hw_device -update_hw_probes false [lindex [get_hw_devices xc7a200t_0] 0]
INFO: [Labtools 27-1434] Device xc7a200t (JTAG device index = 0) is programmed with a design that has no supported debug core(s) in it.
WARNING: [Labtools 27-3361] The debug hub core was not detected.
Resolution: 
1. Make sure the clock connected to the debug hub (dbg_hub) core is a free running clock and is active.
2. Make sure the BSCAN_SWITCH_USER_MASK device property in Vivado Hardware Manager reflects the user scan chain setting in the design and refresh the device.  To determine the user scan chain setting in the design, open the implemented design and use 'get_property C_USER_SCAN_CHAIN [get_debug_cores dbg_hub]'.
For more details on setting the scan chain property, consult the Vivado Debug and Programming User Guide (UG908).
create_hw_cfgmem -hw_device [lindex [get_hw_devices] 0] -mem_dev [lindex [get_cfgmem_parts {s25fl256sxxxxxx0-spi-x1_x2_x4}] 0]
set_property PROGRAM.ADDRESS_RANGE  {use_file} [ get_property PROGRAM.HW_CFGMEM [lindex [get_hw_devices xc7a200t_0] 0]]
set_property PROGRAM.FILES [list "C:/Users/jtb14b/Documents/GitHub/ACESSecurityCamera/ACESSecurityCamera/ACESSecurityCameraCode/ACESSecurityCameraCode.runs/impl_1/SecurityCameraCode.bin" ] [ get_property PROGRAM.HW_CFGMEM [lindex [get_hw_devices xc7a200t_0] 0]]
set_property PROGRAM.PRM_FILE {} [ get_property PROGRAM.HW_CFGMEM [lindex [get_hw_devices xc7a200t_0] 0]]
set_property PROGRAM.UNUSED_PIN_TERMINATION {pull-none} [ get_property PROGRAM.HW_CFGMEM [lindex [get_hw_devices xc7a200t_0] 0]]
set_property PROGRAM.BLANK_CHECK  0 [ get_property PROGRAM.HW_CFGMEM [lindex [get_hw_devices xc7a200t_0] 0]]
set_property PROGRAM.ERASE  1 [ get_property PROGRAM.HW_CFGMEM [lindex [get_hw_devices xc7a200t_0] 0]]
set_property PROGRAM.CFG_PROGRAM  1 [ get_property PROGRAM.HW_CFGMEM [lindex [get_hw_devices xc7a200t_0] 0]]
set_property PROGRAM.VERIFY  1 [ get_property PROGRAM.HW_CFGMEM [lindex [get_hw_devices xc7a200t_0] 0]]
set_property PROGRAM.CHECKSUM  0 [ get_property PROGRAM.HW_CFGMEM [lindex [get_hw_devices xc7a200t_0] 0]]
startgroup 
if {![string equal [get_property PROGRAM.HW_CFGMEM_TYPE  [lindex [get_hw_devices xc7a200t_0] 0]] [get_property MEM_TYPE [get_property CFGMEM_PART [ get_property PROGRAM.HW_CFGMEM [lindex [get_hw_devices xc7a200t_0] 0]]]]] }  { create_hw_bitstream -hw_device [lindex [get_hw_devices xc7a200t_0] 0] [get_property PROGRAM.HW_CFGMEM_BITFILE [ lindex [get_hw_devices xc7a200t_0] 0]]; program_hw_devices [lindex [get_hw_devices xc7a200t_0] 0]; }; 
INFO: [Labtools 27-3164] End of startup status: HIGH
program_hw_cfgmem -hw_cfgmem [ get_property PROGRAM.HW_CFGMEM [lindex [get_hw_devices xc7a200t_0] 0]]
Mfg ID : 1   Memory Type : 2   Memory Capacity : 19   Device ID 1 : 0   Device ID 2 : 0
Performing Erase Operation...
Erase Operation successful.
Performing Program and Verify Operations...
Program/Verify Operation successful.
INFO: [Labtoolstcl 44-377] Flash programming completed successfully
program_hw_cfgmem: Time (s): cpu = 00:00:03 ; elapsed = 00:03:31 . Memory (MB): peak = 1562.391 ; gain = 8.055
endgroup
ERROR: [Labtoolstcl 44-513] HW Target shutdown. Closing target: localhost:3121/xilinx_tcf/Digilent/210276A79380B
